INFO:__main__:âœ… Connected to Neo4j: bolt://localhost:7687
INFO:__main__:
======================================================================
INFO:__main__:ðŸ“¥ TASK 1: RE-IMPORT ALL SGBs WITH FULL CHUNKS
INFO:__main__:======================================================================
INFO:__main__:Found 14 SGB directories to import

INFO:__main__:â”€â”€â”€â”€â”€â”€â”€â”€â”€â”€â”€â”€â”€â”€â”€â”€â”€â”€â”€â”€â”€â”€â”€â”€â”€â”€â”€â”€â”€â”€â”€â”€â”€â”€â”€â”€â”€â”€â”€â”€â”€â”€â”€â”€â”€â”€â”€â”€â”€â”€â”€â”€â”€â”€â”€â”€â”€â”€â”€â”€â”€â”€â”€â”€â”€â”€â”€â”€â”€â”€
INFO:__main__:ðŸ“– Processing SGB 1
INFO:__main__:â”€â”€â”€â”€â”€â”€â”€â”€â”€â”€â”€â”€â”€â”€â”€â”€â”€â”€â”€â”€â”€â”€â”€â”€â”€â”€â”€â”€â”€â”€â”€â”€â”€â”€â”€â”€â”€â”€â”€â”€â”€â”€â”€â”€â”€â”€â”€â”€â”€â”€â”€â”€â”€â”€â”€â”€â”€â”€â”€â”€â”€â”€â”€â”€â”€â”€â”€â”€â”€â”€
INFO:__main__:  ðŸ“„ File: BJNR030150975.xml
INFO:xml_legal_parser:âœ… Legal XML Parser initialized
INFO:xml_legal_parser:âœ… Parsed 94 norms
INFO:xml_legal_parser:âœ… Parsed document: SGB 1 (94 norms, 9 structures)
INFO:__main__:  âœ… Parsed: SGB 1
INFO:__main__:     - Norms: 94
INFO:__main__:     - Build date: 2024-12-31 22:22:06
INFO:__main__:  ðŸ”¨ Building knowledge graph with chunks...
INFO:graphrag_legal_extractor:Loading German embedding model...
INFO:sentence_transformers.SentenceTransformer:Use pytorch device_name: mps
INFO:sentence_transformers.SentenceTransformer:Load pretrained SentenceTransformer: paraphrase-multilingual-mpnet-base-v2
INFO:graphrag_legal_extractor:âœ… Legal Knowledge Graph Builder initialized
INFO:graphrag_legal_extractor:Created 9 structural units
INFO:graphrag_legal_extractor:Created 94 legal norms with content
INFO:graphrag_legal_extractor:âœ… Built knowledge graph for SGB 1
INFO:__main__:  âœ… Imported: 0 norms, 0 chunks
INFO:__main__:â”€â”€â”€â”€â”€â”€â”€â”€â”€â”€â”€â”€â”€â”€â”€â”€â”€â”€â”€â”€â”€â”€â”€â”€â”€â”€â”€â”€â”€â”€â”€â”€â”€â”€â”€â”€â”€â”€â”€â”€â”€â”€â”€â”€â”€â”€â”€â”€â”€â”€â”€â”€â”€â”€â”€â”€â”€â”€â”€â”€â”€â”€â”€â”€â”€â”€â”€â”€â”€â”€
INFO:__main__:ðŸ“– Processing SGB 10
INFO:__main__:â”€â”€â”€â”€â”€â”€â”€â”€â”€â”€â”€â”€â”€â”€â”€â”€â”€â”€â”€â”€â”€â”€â”€â”€â”€â”€â”€â”€â”€â”€â”€â”€â”€â”€â”€â”€â”€â”€â”€â”€â”€â”€â”€â”€â”€â”€â”€â”€â”€â”€â”€â”€â”€â”€â”€â”€â”€â”€â”€â”€â”€â”€â”€â”€â”€â”€â”€â”€â”€â”€
INFO:__main__:  ðŸ“„ File: BJNR114690980.xml
INFO:xml_legal_parser:âœ… Legal XML Parser initialized
INFO:xml_legal_parser:âœ… Parsed 164 norms
INFO:xml_legal_parser:âœ… Parsed document: SGB 10 (164 norms, 26 structures)
INFO:__main__:  âœ… Parsed: SGB 10
INFO:__main__:     - Norms: 164
INFO:__main__:     - Build date: 2024-12-31 22:22:45
INFO:__main__:  ðŸ”¨ Building knowledge graph with chunks...
INFO:graphrag_legal_extractor:Loading German embedding model...
INFO:sentence_transformers.SentenceTransformer:Use pytorch device_name: mps
INFO:sentence_transformers.SentenceTransformer:Load pretrained SentenceTransformer: paraphrase-multilingual-mpnet-base-v2
INFO:graphrag_legal_extractor:âœ… Legal Knowledge Graph Builder initialized
INFO:graphrag_legal_extractor:Created 26 structural units
INFO:graphrag_legal_extractor:Created 164 legal norms with content
INFO:graphrag_legal_extractor:âœ… Built knowledge graph for SGB 10
INFO:__main__:  âœ… Imported: 0 norms, 0 chunks
INFO:__main__:â”€â”€â”€â”€â”€â”€â”€â”€â”€â”€â”€â”€â”€â”€â”€â”€â”€â”€â”€â”€â”€â”€â”€â”€â”€â”€â”€â”€â”€â”€â”€â”€â”€â”€â”€â”€â”€â”€â”€â”€â”€â”€â”€â”€â”€â”€â”€â”€â”€â”€â”€â”€â”€â”€â”€â”€â”€â”€â”€â”€â”€â”€â”€â”€â”€â”€â”€â”€â”€â”€
INFO:__main__:ðŸ“– Processing SGB 11
INFO:__main__:â”€â”€â”€â”€â”€â”€â”€â”€â”€â”€â”€â”€â”€â”€â”€â”€â”€â”€â”€â”€â”€â”€â”€â”€â”€â”€â”€â”€â”€â”€â”€â”€â”€â”€â”€â”€â”€â”€â”€â”€â”€â”€â”€â”€â”€â”€â”€â”€â”€â”€â”€â”€â”€â”€â”€â”€â”€â”€â”€â”€â”€â”€â”€â”€â”€â”€â”€â”€â”€â”€
INFO:__main__:  ðŸ“„ File: BJNR101500994.xml
INFO:xml_legal_parser:âœ… Legal XML Parser initialized
INFO:xml_legal_parser:âœ… Parsed 293 norms
INFO:xml_legal_parser:âœ… Parsed document: SGB 11 (293 norms, 61 structures)
INFO:__main__:  âœ… Parsed: SGB 11
INFO:__main__:     - Norms: 293
INFO:__main__:     - Build date: 2025-07-23 21:55:03
INFO:__main__:  ðŸ”¨ Building knowledge graph with chunks...
INFO:graphrag_legal_extractor:Loading German embedding model...
INFO:sentence_transformers.SentenceTransformer:Use pytorch device_name: mps
INFO:sentence_transformers.SentenceTransformer:Load pretrained SentenceTransformer: paraphrase-multilingual-mpnet-base-v2
INFO:graphrag_legal_extractor:âœ… Legal Knowledge Graph Builder initialized
INFO:graphrag_legal_extractor:Created 61 structural units
INFO:graphrag_legal_extractor:Created 293 legal norms with content
INFO:graphrag_legal_extractor:âœ… Built knowledge graph for SGB 11
INFO:__main__:  âœ… Imported: 0 norms, 0 chunks
INFO:__main__:â”€â”€â”€â”€â”€â”€â”€â”€â”€â”€â”€â”€â”€â”€â”€â”€â”€â”€â”€â”€â”€â”€â”€â”€â”€â”€â”€â”€â”€â”€â”€â”€â”€â”€â”€â”€â”€â”€â”€â”€â”€â”€â”€â”€â”€â”€â”€â”€â”€â”€â”€â”€â”€â”€â”€â”€â”€â”€â”€â”€â”€â”€â”€â”€â”€â”€â”€â”€â”€â”€
INFO:__main__:ðŸ“– Processing SGB 12
INFO:__main__:â”€â”€â”€â”€â”€â”€â”€â”€â”€â”€â”€â”€â”€â”€â”€â”€â”€â”€â”€â”€â”€â”€â”€â”€â”€â”€â”€â”€â”€â”€â”€â”€â”€â”€â”€â”€â”€â”€â”€â”€â”€â”€â”€â”€â”€â”€â”€â”€â”€â”€â”€â”€â”€â”€â”€â”€â”€â”€â”€â”€â”€â”€â”€â”€â”€â”€â”€â”€â”€â”€
INFO:__main__:  ðŸ“„ File: BJNR302300003.xml
INFO:xml_legal_parser:âœ… Legal XML Parser initialized
INFO:xml_legal_parser:âœ… Parsed 241 norms
INFO:xml_legal_parser:âœ… Parsed document: SGB 12 (241 norms, 42 structures)
INFO:__main__:  âœ… Parsed: SGB 12
INFO:__main__:     - Norms: 241
INFO:__main__:     - Build date: 2025-10-22 21:50:09
INFO:__main__:  ðŸ”¨ Building knowledge graph with chunks...
INFO:graphrag_legal_extractor:Loading German embedding model...
INFO:sentence_transformers.SentenceTransformer:Use pytorch device_name: mps
INFO:sentence_transformers.SentenceTransformer:Load pretrained SentenceTransformer: paraphrase-multilingual-mpnet-base-v2
INFO:graphrag_legal_extractor:âœ… Legal Knowledge Graph Builder initialized
INFO:graphrag_legal_extractor:Created 42 structural units
INFO:graphrag_legal_extractor:Created 241 legal norms with content
INFO:graphrag_legal_extractor:âœ… Built knowledge graph for SGB 12
INFO:__main__:  âœ… Imported: 0 norms, 0 chunks
INFO:__main__:â”€â”€â”€â”€â”€â”€â”€â”€â”€â”€â”€â”€â”€â”€â”€â”€â”€â”€â”€â”€â”€â”€â”€â”€â”€â”€â”€â”€â”€â”€â”€â”€â”€â”€â”€â”€â”€â”€â”€â”€â”€â”€â”€â”€â”€â”€â”€â”€â”€â”€â”€â”€â”€â”€â”€â”€â”€â”€â”€â”€â”€â”€â”€â”€â”€â”€â”€â”€â”€â”€
INFO:__main__:ðŸ“– Processing SGB 14
INFO:__main__:â”€â”€â”€â”€â”€â”€â”€â”€â”€â”€â”€â”€â”€â”€â”€â”€â”€â”€â”€â”€â”€â”€â”€â”€â”€â”€â”€â”€â”€â”€â”€â”€â”€â”€â”€â”€â”€â”€â”€â”€â”€â”€â”€â”€â”€â”€â”€â”€â”€â”€â”€â”€â”€â”€â”€â”€â”€â”€â”€â”€â”€â”€â”€â”€â”€â”€â”€â”€â”€â”€
INFO:__main__:  ðŸ“„ File: BJNR265210019.xml
INFO:xml_legal_parser:âœ… Legal XML Parser initialized
INFO:xml_legal_parser:âœ… Parsed 216 norms
INFO:xml_legal_parser:âœ… Parsed document: SGB 14 (216 norms, 53 structures)
INFO:__main__:  âœ… Parsed: SGB 14
INFO:__main__:     - Norms: 216
INFO:__main__:     - Build date: 2025-06-30 21:55:27
INFO:__main__:  ðŸ”¨ Building knowledge graph with chunks...
INFO:graphrag_legal_extractor:Loading German embedding model...
INFO:sentence_transformers.SentenceTransformer:Use pytorch device_name: mps
INFO:sentence_transformers.SentenceTransformer:Load pretrained SentenceTransformer: paraphrase-multilingual-mpnet-base-v2
INFO:graphrag_legal_extractor:âœ… Legal Knowledge Graph Builder initialized
INFO:graphrag_legal_extractor:Created 53 structural units
INFO:graphrag_legal_extractor:Created 216 legal norms with content
INFO:graphrag_legal_extractor:âœ… Built knowledge graph for SGB 14
INFO:__main__:  âœ… Imported: 0 norms, 0 chunks
INFO:__main__:â”€â”€â”€â”€â”€â”€â”€â”€â”€â”€â”€â”€â”€â”€â”€â”€â”€â”€â”€â”€â”€â”€â”€â”€â”€â”€â”€â”€â”€â”€â”€â”€â”€â”€â”€â”€â”€â”€â”€â”€â”€â”€â”€â”€â”€â”€â”€â”€â”€â”€â”€â”€â”€â”€â”€â”€â”€â”€â”€â”€â”€â”€â”€â”€â”€â”€â”€â”€â”€â”€
INFO:__main__:ðŸ“– Processing SGB 2
INFO:__main__:â”€â”€â”€â”€â”€â”€â”€â”€â”€â”€â”€â”€â”€â”€â”€â”€â”€â”€â”€â”€â”€â”€â”€â”€â”€â”€â”€â”€â”€â”€â”€â”€â”€â”€â”€â”€â”€â”€â”€â”€â”€â”€â”€â”€â”€â”€â”€â”€â”€â”€â”€â”€â”€â”€â”€â”€â”€â”€â”€â”€â”€â”€â”€â”€â”€â”€â”€â”€â”€â”€
INFO:__main__:  ðŸ“„ File: BJNR295500003.xml
INFO:xml_legal_parser:âœ… Legal XML Parser initialized
INFO:xml_legal_parser:âœ… Parsed 175 norms
INFO:xml_legal_parser:âœ… Parsed document: SGB 2 (175 norms, 21 structures)
INFO:__main__:  âœ… Parsed: SGB 2
INFO:__main__:     - Norms: 175
INFO:__main__:     - Build date: 2025-02-27 22:30:15
INFO:__main__:  ðŸ”¨ Building knowledge graph with chunks...
INFO:graphrag_legal_extractor:Loading German embedding model...
INFO:sentence_transformers.SentenceTransformer:Use pytorch device_name: mps
INFO:sentence_transformers.SentenceTransformer:Load pretrained SentenceTransformer: paraphrase-multilingual-mpnet-base-v2
INFO:graphrag_legal_extractor:âœ… Legal Knowledge Graph Builder initialized
INFO:graphrag_legal_extractor:Created 21 structural units
INFO:graphrag_legal_extractor:Created 175 legal norms with content
INFO:graphrag_legal_extractor:âœ… Built knowledge graph for SGB 2
INFO:__main__:  âœ… Imported: 0 norms, 0 chunks
INFO:__main__:â”€â”€â”€â”€â”€â”€â”€â”€â”€â”€â”€â”€â”€â”€â”€â”€â”€â”€â”€â”€â”€â”€â”€â”€â”€â”€â”€â”€â”€â”€â”€â”€â”€â”€â”€â”€â”€â”€â”€â”€â”€â”€â”€â”€â”€â”€â”€â”€â”€â”€â”€â”€â”€â”€â”€â”€â”€â”€â”€â”€â”€â”€â”€â”€â”€â”€â”€â”€â”€â”€
INFO:__main__:ðŸ“– Processing SGB 3
INFO:__main__:â”€â”€â”€â”€â”€â”€â”€â”€â”€â”€â”€â”€â”€â”€â”€â”€â”€â”€â”€â”€â”€â”€â”€â”€â”€â”€â”€â”€â”€â”€â”€â”€â”€â”€â”€â”€â”€â”€â”€â”€â”€â”€â”€â”€â”€â”€â”€â”€â”€â”€â”€â”€â”€â”€â”€â”€â”€â”€â”€â”€â”€â”€â”€â”€â”€â”€â”€â”€â”€â”€
INFO:__main__:  ðŸ“„ File: BJNR059500997.xml
INFO:xml_legal_parser:âœ… Legal XML Parser initialized
INFO:xml_legal_parser:âœ… Parsed 510 norms
INFO:xml_legal_parser:âœ… Parsed document: SGB 3 (510 norms, 107 structures)
INFO:__main__:  âœ… Parsed: SGB 3
INFO:__main__:     - Norms: 510
INFO:__main__:     - Build date: 2024-12-31 22:22:16
INFO:__main__:  ðŸ”¨ Building knowledge graph with chunks...
INFO:graphrag_legal_extractor:Loading German embedding model...
INFO:sentence_transformers.SentenceTransformer:Use pytorch device_name: mps
INFO:sentence_transformers.SentenceTransformer:Load pretrained SentenceTransformer: paraphrase-multilingual-mpnet-base-v2
INFO:graphrag_legal_extractor:âœ… Legal Knowledge Graph Builder initialized
INFO:graphrag_legal_extractor:Created 107 structural units
INFO:graphrag_legal_extractor:Created 510 legal norms with content
INFO:graphrag_legal_extractor:âœ… Built knowledge graph for SGB 3
INFO:__main__:  âœ… Imported: 0 norms, 0 chunks
INFO:__main__:â”€â”€â”€â”€â”€â”€â”€â”€â”€â”€â”€â”€â”€â”€â”€â”€â”€â”€â”€â”€â”€â”€â”€â”€â”€â”€â”€â”€â”€â”€â”€â”€â”€â”€â”€â”€â”€â”€â”€â”€â”€â”€â”€â”€â”€â”€â”€â”€â”€â”€â”€â”€â”€â”€â”€â”€â”€â”€â”€â”€â”€â”€â”€â”€â”€â”€â”€â”€â”€â”€
INFO:__main__:ðŸ“– Processing SGB 4
INFO:__main__:â”€â”€â”€â”€â”€â”€â”€â”€â”€â”€â”€â”€â”€â”€â”€â”€â”€â”€â”€â”€â”€â”€â”€â”€â”€â”€â”€â”€â”€â”€â”€â”€â”€â”€â”€â”€â”€â”€â”€â”€â”€â”€â”€â”€â”€â”€â”€â”€â”€â”€â”€â”€â”€â”€â”€â”€â”€â”€â”€â”€â”€â”€â”€â”€â”€â”€â”€â”€â”€â”€
INFO:__main__:  ðŸ“„ File: BJNR138450976.xml
INFO:xml_legal_parser:âœ… Legal XML Parser initialized
INFO:xml_legal_parser:âœ… Parsed 243 norms
INFO:xml_legal_parser:âœ… Parsed document: SGB 4 (243 norms, 31 structures)
INFO:__main__:  âœ… Parsed: SGB 4
INFO:__main__:     - Norms: 243
INFO:__main__:     - Build date: 2025-06-30 21:55:19
INFO:__main__:  ðŸ”¨ Building knowledge graph with chunks...
INFO:graphrag_legal_extractor:Loading German embedding model...
INFO:sentence_transformers.SentenceTransformer:Use pytorch device_name: mps
INFO:sentence_transformers.SentenceTransformer:Load pretrained SentenceTransformer: paraphrase-multilingual-mpnet-base-v2
INFO:graphrag_legal_extractor:âœ… Legal Knowledge Graph Builder initialized
INFO:graphrag_legal_extractor:Created 31 structural units
INFO:graphrag_legal_extractor:Created 243 legal norms with content
INFO:graphrag_legal_extractor:âœ… Built knowledge graph for SGB 4
INFO:__main__:  âœ… Imported: 0 norms, 0 chunks
INFO:__main__:â”€â”€â”€â”€â”€â”€â”€â”€â”€â”€â”€â”€â”€â”€â”€â”€â”€â”€â”€â”€â”€â”€â”€â”€â”€â”€â”€â”€â”€â”€â”€â”€â”€â”€â”€â”€â”€â”€â”€â”€â”€â”€â”€â”€â”€â”€â”€â”€â”€â”€â”€â”€â”€â”€â”€â”€â”€â”€â”€â”€â”€â”€â”€â”€â”€â”€â”€â”€â”€â”€
INFO:__main__:ðŸ“– Processing SGB 5
INFO:__main__:â”€â”€â”€â”€â”€â”€â”€â”€â”€â”€â”€â”€â”€â”€â”€â”€â”€â”€â”€â”€â”€â”€â”€â”€â”€â”€â”€â”€â”€â”€â”€â”€â”€â”€â”€â”€â”€â”€â”€â”€â”€â”€â”€â”€â”€â”€â”€â”€â”€â”€â”€â”€â”€â”€â”€â”€â”€â”€â”€â”€â”€â”€â”€â”€â”€â”€â”€â”€â”€â”€
INFO:__main__:  ðŸ“„ File: BJNR024820988.xml
INFO:xml_legal_parser:âœ… Legal XML Parser initialized
INFO:xml_legal_parser:âœ… Parsed 810 norms
INFO:xml_legal_parser:âœ… Parsed document: SGB 5 (810 norms, 107 structures)
INFO:__main__:  âœ… Parsed: SGB 5
INFO:__main__:     - Norms: 810
INFO:__main__:     - Build date: 2025-10-15 21:50:04
INFO:__main__:  ðŸ”¨ Building knowledge graph with chunks...
INFO:graphrag_legal_extractor:Loading German embedding model...
INFO:sentence_transformers.SentenceTransformer:Use pytorch device_name: mps
INFO:sentence_transformers.SentenceTransformer:Load pretrained SentenceTransformer: paraphrase-multilingual-mpnet-base-v2
INFO:graphrag_legal_extractor:âœ… Legal Knowledge Graph Builder initialized
INFO:graphrag_legal_extractor:Created 106 structural units
INFO:graphrag_legal_extractor:Created 810 legal norms with content
INFO:graphrag_legal_extractor:âœ… Built knowledge graph for SGB 5
INFO:__main__:  âœ… Imported: 0 norms, 0 chunks
INFO:__main__:â”€â”€â”€â”€â”€â”€â”€â”€â”€â”€â”€â”€â”€â”€â”€â”€â”€â”€â”€â”€â”€â”€â”€â”€â”€â”€â”€â”€â”€â”€â”€â”€â”€â”€â”€â”€â”€â”€â”€â”€â”€â”€â”€â”€â”€â”€â”€â”€â”€â”€â”€â”€â”€â”€â”€â”€â”€â”€â”€â”€â”€â”€â”€â”€â”€â”€â”€â”€â”€â”€
INFO:__main__:ðŸ“– Processing SGB 6
INFO:__main__:â”€â”€â”€â”€â”€â”€â”€â”€â”€â”€â”€â”€â”€â”€â”€â”€â”€â”€â”€â”€â”€â”€â”€â”€â”€â”€â”€â”€â”€â”€â”€â”€â”€â”€â”€â”€â”€â”€â”€â”€â”€â”€â”€â”€â”€â”€â”€â”€â”€â”€â”€â”€â”€â”€â”€â”€â”€â”€â”€â”€â”€â”€â”€â”€â”€â”€â”€â”€â”€â”€
INFO:__main__:  ðŸ“„ File: BJNR122610989.xml
INFO:xml_legal_parser:âœ… Legal XML Parser initialized
INFO:xml_legal_parser:âœ… Parsed 632 norms
INFO:xml_legal_parser:âœ… Parsed document: SGB 6 (632 norms, 111 structures)
INFO:__main__:  âœ… Parsed: SGB 6
INFO:__main__:     - Norms: 632
INFO:__main__:     - Build date: 2025-01-03 22:15:25
INFO:__main__:  ðŸ”¨ Building knowledge graph with chunks...
INFO:graphrag_legal_extractor:Loading German embedding model...
INFO:sentence_transformers.SentenceTransformer:Use pytorch device_name: mps
INFO:sentence_transformers.SentenceTransformer:Load pretrained SentenceTransformer: paraphrase-multilingual-mpnet-base-v2
INFO:graphrag_legal_extractor:âœ… Legal Knowledge Graph Builder initialized
INFO:graphrag_legal_extractor:Created 111 structural units
INFO:graphrag_legal_extractor:Created 632 legal norms with content
INFO:graphrag_legal_extractor:âœ… Built knowledge graph for SGB 6
INFO:__main__:  âœ… Imported: 0 norms, 0 chunks
INFO:__main__:â”€â”€â”€â”€â”€â”€â”€â”€â”€â”€â”€â”€â”€â”€â”€â”€â”€â”€â”€â”€â”€â”€â”€â”€â”€â”€â”€â”€â”€â”€â”€â”€â”€â”€â”€â”€â”€â”€â”€â”€â”€â”€â”€â”€â”€â”€â”€â”€â”€â”€â”€â”€â”€â”€â”€â”€â”€â”€â”€â”€â”€â”€â”€â”€â”€â”€â”€â”€â”€â”€
INFO:__main__:ðŸ“– Processing SGB 7
INFO:__main__:â”€â”€â”€â”€â”€â”€â”€â”€â”€â”€â”€â”€â”€â”€â”€â”€â”€â”€â”€â”€â”€â”€â”€â”€â”€â”€â”€â”€â”€â”€â”€â”€â”€â”€â”€â”€â”€â”€â”€â”€â”€â”€â”€â”€â”€â”€â”€â”€â”€â”€â”€â”€â”€â”€â”€â”€â”€â”€â”€â”€â”€â”€â”€â”€â”€â”€â”€â”€â”€â”€
INFO:__main__:  ðŸ“„ File: BJNR125410996.xml
INFO:xml_legal_parser:âœ… Legal XML Parser initialized
INFO:xml_legal_parser:âœ… Parsed 323 norms
INFO:xml_legal_parser:âœ… Parsed document: SGB 7 (323 norms, 66 structures)
INFO:__main__:  âœ… Parsed: SGB 7
INFO:__main__:     - Norms: 323
INFO:__main__:     - Build date: 2025-10-28 21:55:03
INFO:__main__:  ðŸ”¨ Building knowledge graph with chunks...
INFO:graphrag_legal_extractor:Loading German embedding model...
INFO:sentence_transformers.SentenceTransformer:Use pytorch device_name: mps
INFO:sentence_transformers.SentenceTransformer:Load pretrained SentenceTransformer: paraphrase-multilingual-mpnet-base-v2
INFO:graphrag_legal_extractor:âœ… Legal Knowledge Graph Builder initialized
INFO:graphrag_legal_extractor:Created 66 structural units
INFO:graphrag_legal_extractor:Created 323 legal norms with content
INFO:graphrag_legal_extractor:âœ… Built knowledge graph for SGB 7
INFO:__main__:  âœ… Imported: 0 norms, 0 chunks
INFO:__main__:â”€â”€â”€â”€â”€â”€â”€â”€â”€â”€â”€â”€â”€â”€â”€â”€â”€â”€â”€â”€â”€â”€â”€â”€â”€â”€â”€â”€â”€â”€â”€â”€â”€â”€â”€â”€â”€â”€â”€â”€â”€â”€â”€â”€â”€â”€â”€â”€â”€â”€â”€â”€â”€â”€â”€â”€â”€â”€â”€â”€â”€â”€â”€â”€â”€â”€â”€â”€â”€â”€
INFO:__main__:ðŸ“– Processing SGB 8
INFO:__main__:â”€â”€â”€â”€â”€â”€â”€â”€â”€â”€â”€â”€â”€â”€â”€â”€â”€â”€â”€â”€â”€â”€â”€â”€â”€â”€â”€â”€â”€â”€â”€â”€â”€â”€â”€â”€â”€â”€â”€â”€â”€â”€â”€â”€â”€â”€â”€â”€â”€â”€â”€â”€â”€â”€â”€â”€â”€â”€â”€â”€â”€â”€â”€â”€â”€â”€â”€â”€â”€â”€
INFO:__main__:  ðŸ“„ File: BJNR111630990.xml
INFO:xml_legal_parser:âœ… Legal XML Parser initialized
INFO:xml_legal_parser:âœ… Parsed 207 norms
INFO:xml_legal_parser:âœ… Parsed document: SGB 8 (207 norms, 39 structures)
INFO:__main__:  âœ… Parsed: SGB 8
INFO:__main__:     - Norms: 207
INFO:__main__:     - Build date: 2025-06-30 21:55:18
INFO:__main__:  ðŸ”¨ Building knowledge graph with chunks...
INFO:graphrag_legal_extractor:Loading German embedding model...
INFO:sentence_transformers.SentenceTransformer:Use pytorch device_name: mps
INFO:sentence_transformers.SentenceTransformer:Load pretrained SentenceTransformer: paraphrase-multilingual-mpnet-base-v2
INFO:graphrag_legal_extractor:âœ… Legal Knowledge Graph Builder initialized
INFO:graphrag_legal_extractor:Created 39 structural units
INFO:graphrag_legal_extractor:Created 207 legal norms with content
INFO:graphrag_legal_extractor:âœ… Built knowledge graph for SGB 8
INFO:__main__:  âœ… Imported: 0 norms, 0 chunks
INFO:__main__:â”€â”€â”€â”€â”€â”€â”€â”€â”€â”€â”€â”€â”€â”€â”€â”€â”€â”€â”€â”€â”€â”€â”€â”€â”€â”€â”€â”€â”€â”€â”€â”€â”€â”€â”€â”€â”€â”€â”€â”€â”€â”€â”€â”€â”€â”€â”€â”€â”€â”€â”€â”€â”€â”€â”€â”€â”€â”€â”€â”€â”€â”€â”€â”€â”€â”€â”€â”€â”€â”€
INFO:__main__:ðŸ“– Processing SGB 9
INFO:__main__:â”€â”€â”€â”€â”€â”€â”€â”€â”€â”€â”€â”€â”€â”€â”€â”€â”€â”€â”€â”€â”€â”€â”€â”€â”€â”€â”€â”€â”€â”€â”€â”€â”€â”€â”€â”€â”€â”€â”€â”€â”€â”€â”€â”€â”€â”€â”€â”€â”€â”€â”€â”€â”€â”€â”€â”€â”€â”€â”€â”€â”€â”€â”€â”€â”€â”€â”€â”€â”€â”€
WARNING:__main__:  âš ï¸  No XML files found in /Users/ma3u/projects/sozialgesetze/Sozialrecht_RAG/xml_cache/sgb_9
INFO:__main__:â”€â”€â”€â”€â”€â”€â”€â”€â”€â”€â”€â”€â”€â”€â”€â”€â”€â”€â”€â”€â”€â”€â”€â”€â”€â”€â”€â”€â”€â”€â”€â”€â”€â”€â”€â”€â”€â”€â”€â”€â”€â”€â”€â”€â”€â”€â”€â”€â”€â”€â”€â”€â”€â”€â”€â”€â”€â”€â”€â”€â”€â”€â”€â”€â”€â”€â”€â”€â”€â”€
INFO:__main__:ðŸ“– Processing SGB 9_2018
INFO:__main__:â”€â”€â”€â”€â”€â”€â”€â”€â”€â”€â”€â”€â”€â”€â”€â”€â”€â”€â”€â”€â”€â”€â”€â”€â”€â”€â”€â”€â”€â”€â”€â”€â”€â”€â”€â”€â”€â”€â”€â”€â”€â”€â”€â”€â”€â”€â”€â”€â”€â”€â”€â”€â”€â”€â”€â”€â”€â”€â”€â”€â”€â”€â”€â”€â”€â”€â”€â”€â”€â”€
INFO:__main__:  ðŸ“„ File: BJNR323410016.xml
INFO:xml_legal_parser:âœ… Legal XML Parser initialized
INFO:xml_legal_parser:âœ… Parsed 295 norms
INFO:xml_legal_parser:âœ… Parsed document: SGB 9 2018 (295 norms, 44 structures)
INFO:__main__:  âœ… Parsed: SGB 9 2018
INFO:__main__:     - Norms: 295
INFO:__main__:     - Build date: 2025-01-10 22:30:06
INFO:__main__:  ðŸ”¨ Building knowledge graph with chunks...
INFO:graphrag_legal_extractor:Loading German embedding model...
INFO:sentence_transformers.SentenceTransformer:Use pytorch device_name: mps
INFO:sentence_transformers.SentenceTransformer:Load pretrained SentenceTransformer: paraphrase-multilingual-mpnet-base-v2
INFO:graphrag_legal_extractor:âœ… Legal Knowledge Graph Builder initialized
INFO:graphrag_legal_extractor:Created 44 structural units
INFO:graphrag_legal_extractor:Created 295 legal norms with content
INFO:graphrag_legal_extractor:âœ… Built knowledge graph for SGB 9 2018
INFO:__main__:  âœ… Imported: 0 norms, 0 chunks
INFO:__main__:
======================================================================
INFO:__main__:ðŸ“Š TASK 1 SUMMARY: 13/14 SGBs imported
WARNING:__main__:âš ï¸  Failed imports:
WARNING:__main__:   - SGB 9: No XML files
INFO:__main__:======================================================================
INFO:__main__:
======================================================================
INFO:__main__:ðŸ“š TASK 2: IMPORT ALL FACHLICHE WEISUNGEN PDFs
INFO:__main__:======================================================================
INFO:__main__:Found 36 PDF files

INFO:__main__:
â”€â”€â”€â”€â”€â”€â”€â”€â”€â”€â”€â”€â”€â”€â”€â”€â”€â”€â”€â”€â”€â”€â”€â”€â”€â”€â”€â”€â”€â”€â”€â”€â”€â”€â”€â”€â”€â”€â”€â”€â”€â”€â”€â”€â”€â”€â”€â”€â”€â”€â”€â”€â”€â”€â”€â”€â”€â”€â”€â”€â”€â”€â”€â”€â”€â”€â”€â”€â”€â”€
INFO:__main__:ðŸ“‚ SGB_I: 5 PDFs
INFO:__main__:â”€â”€â”€â”€â”€â”€â”€â”€â”€â”€â”€â”€â”€â”€â”€â”€â”€â”€â”€â”€â”€â”€â”€â”€â”€â”€â”€â”€â”€â”€â”€â”€â”€â”€â”€â”€â”€â”€â”€â”€â”€â”€â”€â”€â”€â”€â”€â”€â”€â”€â”€â”€â”€â”€â”€â”€â”€â”€â”€â”€â”€â”€â”€â”€â”€â”€â”€â”€â”€â”€
INFO:__main__:  â­ï¸  Skip (exists): FW_SGB_I_Par_36_Handlungsfaehigkeit.pdf
INFO:__main__:  â­ï¸  Skip (exists): FW_SGB_I_Par_16_Antragstellung.pdf
INFO:__main__:  â­ï¸  Skip (exists): FW_SGB_I_Par_46_Verzicht.pdf
INFO:__main__:  â­ï¸  Skip (exists): FW_SGB_I_Par_14_Beratung.pdf
INFO:__main__:  â­ï¸  Skip (exists): FW_SGB_I_Par_42_Vorschuesse.pdf
INFO:__main__:
â”€â”€â”€â”€â”€â”€â”€â”€â”€â”€â”€â”€â”€â”€â”€â”€â”€â”€â”€â”€â”€â”€â”€â”€â”€â”€â”€â”€â”€â”€â”€â”€â”€â”€â”€â”€â”€â”€â”€â”€â”€â”€â”€â”€â”€â”€â”€â”€â”€â”€â”€â”€â”€â”€â”€â”€â”€â”€â”€â”€â”€â”€â”€â”€â”€â”€â”€â”€â”€â”€
INFO:__main__:ðŸ“‚ SGB_II: 13 PDFs
INFO:__main__:â”€â”€â”€â”€â”€â”€â”€â”€â”€â”€â”€â”€â”€â”€â”€â”€â”€â”€â”€â”€â”€â”€â”€â”€â”€â”€â”€â”€â”€â”€â”€â”€â”€â”€â”€â”€â”€â”€â”€â”€â”€â”€â”€â”€â”€â”€â”€â”€â”€â”€â”€â”€â”€â”€â”€â”€â”€â”€â”€â”€â”€â”€â”€â”€â”€â”€â”€â”€â”€â”€
INFO:__main__:  â­ï¸  Skip (exists): FW_SGB_II_Par_08_Erwerbsfaehigkeit.pdf
INFO:__main__:  â­ï¸  Skip (exists): FW_SGB_II_Par_12_Vermoegen.pdf
INFO:__main__:  â­ï¸  Skip (exists): FW_SGB_II_Par_19_Buergergeld_2023.pdf
INFO:__main__:  â­ï¸  Skip (exists): FW_SGB_II_Par_05_Verhaeltnis_zu_anderen_Leistungen.pdf
INFO:__main__:  â­ï¸  Skip (exists): FW_SGB_II_Par_11_11a_11b_Einkommen.pdf
INFO:__main__:  â­ï¸  Skip (exists): FW_SGB_II_Par_07_Leistungsberechtigte.pdf
INFO:__main__:  â­ï¸  Skip (exists): FW_SGB_II_Par_16_Stand_26_03_2025.pdf
INFO:__main__:  â­ï¸  Skip (exists): FW_SGB_II_Par_20_Regelbedarfe_2023.pdf
INFO:__main__:  â­ï¸  Skip (exists): FW_SGB_II_Par_10_Zumutbarkeit.pdf
INFO:__main__:  â­ï¸  Skip (exists): SGB_II_Folien_Thome_20_09_2025_AKTUELLSTE.pdf
INFO:__main__:  â­ï¸  Skip (exists): FW_SGB_II_Par_21_Mehrbedarfe.pdf
INFO:__main__:  â­ï¸  Skip (exists): FW_SGB_II_Par_06_Traeger_Aussendienst.pdf
INFO:__main__:  â­ï¸  Skip (exists): FW_SGB_II_Par_09_Hilfebeduerftigkeit.pdf
INFO:__main__:
â”€â”€â”€â”€â”€â”€â”€â”€â”€â”€â”€â”€â”€â”€â”€â”€â”€â”€â”€â”€â”€â”€â”€â”€â”€â”€â”€â”€â”€â”€â”€â”€â”€â”€â”€â”€â”€â”€â”€â”€â”€â”€â”€â”€â”€â”€â”€â”€â”€â”€â”€â”€â”€â”€â”€â”€â”€â”€â”€â”€â”€â”€â”€â”€â”€â”€â”€â”€â”€â”€
INFO:__main__:ðŸ“‚ SGB_III: 7 PDFs
INFO:__main__:â”€â”€â”€â”€â”€â”€â”€â”€â”€â”€â”€â”€â”€â”€â”€â”€â”€â”€â”€â”€â”€â”€â”€â”€â”€â”€â”€â”€â”€â”€â”€â”€â”€â”€â”€â”€â”€â”€â”€â”€â”€â”€â”€â”€â”€â”€â”€â”€â”€â”€â”€â”€â”€â”€â”€â”€â”€â”€â”€â”€â”€â”€â”€â”€â”€â”€â”€â”€â”€â”€
INFO:__main__:  â­ï¸  Skip (exists): FW_SGB_III_Par_165_Insolvenzgeld.pdf
INFO:__main__:  â­ï¸  Skip (exists): FW_SGB_III_Par_88-92_Eingliederungszuschuss.pdf
INFO:__main__:  â­ï¸  Skip (exists): FW_SGB_III_Par_176_Zulassung_Traeger.pdf
INFO:__main__:  â­ï¸  Skip (exists): FW_SGB_III_Par_45_Massnahmen_bei_Arbeitgeber.pdf
INFO:__main__:  â­ï¸  Skip (exists): FW_SGB_III_Par_19_Menschen_mit_Behinderung.pdf
INFO:__main__:  â­ï¸  Skip (exists): FW_SGB_III_Par_44_Vermittlungsbudget.pdf
INFO:__main__:  â­ï¸  Skip (exists): FW_SGB_III_Par_106a_Weiterbildung_Kurzarbeit.pdf
INFO:__main__:
â”€â”€â”€â”€â”€â”€â”€â”€â”€â”€â”€â”€â”€â”€â”€â”€â”€â”€â”€â”€â”€â”€â”€â”€â”€â”€â”€â”€â”€â”€â”€â”€â”€â”€â”€â”€â”€â”€â”€â”€â”€â”€â”€â”€â”€â”€â”€â”€â”€â”€â”€â”€â”€â”€â”€â”€â”€â”€â”€â”€â”€â”€â”€â”€â”€â”€â”€â”€â”€â”€
INFO:__main__:ðŸ“‚ SGB_IV: 2 PDFs
INFO:__main__:â”€â”€â”€â”€â”€â”€â”€â”€â”€â”€â”€â”€â”€â”€â”€â”€â”€â”€â”€â”€â”€â”€â”€â”€â”€â”€â”€â”€â”€â”€â”€â”€â”€â”€â”€â”€â”€â”€â”€â”€â”€â”€â”€â”€â”€â”€â”€â”€â”€â”€â”€â”€â”€â”€â”€â”€â”€â”€â”€â”€â”€â”€â”€â”€â”€â”€â”€â”€â”€â”€
INFO:__main__:  â­ï¸  Skip (exists): FW_SGB_IV_RV_Versicherungspflicht.pdf
INFO:__main__:  â­ï¸  Skip (exists): FW_SGB_IV_RV_Gesetzliche.pdf
INFO:__main__:
â”€â”€â”€â”€â”€â”€â”€â”€â”€â”€â”€â”€â”€â”€â”€â”€â”€â”€â”€â”€â”€â”€â”€â”€â”€â”€â”€â”€â”€â”€â”€â”€â”€â”€â”€â”€â”€â”€â”€â”€â”€â”€â”€â”€â”€â”€â”€â”€â”€â”€â”€â”€â”€â”€â”€â”€â”€â”€â”€â”€â”€â”€â”€â”€â”€â”€â”€â”€â”€â”€
INFO:__main__:ðŸ“‚ SGB_IX: 2 PDFs
INFO:__main__:â”€â”€â”€â”€â”€â”€â”€â”€â”€â”€â”€â”€â”€â”€â”€â”€â”€â”€â”€â”€â”€â”€â”€â”€â”€â”€â”€â”€â”€â”€â”€â”€â”€â”€â”€â”€â”€â”€â”€â”€â”€â”€â”€â”€â”€â”€â”€â”€â”€â”€â”€â”€â”€â”€â”€â”€â”€â”€â”€â”€â”€â”€â”€â”€â”€â”€â”€â”€â”€â”€
INFO:__main__:  â­ï¸  Skip (exists): FW_SGB_IX_Par_6a_Behinderung.pdf
INFO:__main__:  â­ï¸  Skip (exists): FW_SGB_IX_Uebersicht_BIH.pdf
INFO:__main__:
â”€â”€â”€â”€â”€â”€â”€â”€â”€â”€â”€â”€â”€â”€â”€â”€â”€â”€â”€â”€â”€â”€â”€â”€â”€â”€â”€â”€â”€â”€â”€â”€â”€â”€â”€â”€â”€â”€â”€â”€â”€â”€â”€â”€â”€â”€â”€â”€â”€â”€â”€â”€â”€â”€â”€â”€â”€â”€â”€â”€â”€â”€â”€â”€â”€â”€â”€â”€â”€â”€
INFO:__main__:ðŸ“‚ SGB_V: 2 PDFs
INFO:__main__:â”€â”€â”€â”€â”€â”€â”€â”€â”€â”€â”€â”€â”€â”€â”€â”€â”€â”€â”€â”€â”€â”€â”€â”€â”€â”€â”€â”€â”€â”€â”€â”€â”€â”€â”€â”€â”€â”€â”€â”€â”€â”€â”€â”€â”€â”€â”€â”€â”€â”€â”€â”€â”€â”€â”€â”€â”€â”€â”€â”€â”€â”€â”€â”€â”€â”€â”€â”€â”€â”€
INFO:__main__:  â­ï¸  Skip (exists): FW_SGB_V_KV_PV_Harald_Thome.pdf
INFO:__main__:  â­ï¸  Skip (exists): FW_SGB_V_KV_PV_Geschaeftsanweisungen.pdf
INFO:__main__:
â”€â”€â”€â”€â”€â”€â”€â”€â”€â”€â”€â”€â”€â”€â”€â”€â”€â”€â”€â”€â”€â”€â”€â”€â”€â”€â”€â”€â”€â”€â”€â”€â”€â”€â”€â”€â”€â”€â”€â”€â”€â”€â”€â”€â”€â”€â”€â”€â”€â”€â”€â”€â”€â”€â”€â”€â”€â”€â”€â”€â”€â”€â”€â”€â”€â”€â”€â”€â”€â”€
INFO:__main__:ðŸ“‚ SGB_VI: 2 PDFs
INFO:__main__:â”€â”€â”€â”€â”€â”€â”€â”€â”€â”€â”€â”€â”€â”€â”€â”€â”€â”€â”€â”€â”€â”€â”€â”€â”€â”€â”€â”€â”€â”€â”€â”€â”€â”€â”€â”€â”€â”€â”€â”€â”€â”€â”€â”€â”€â”€â”€â”€â”€â”€â”€â”€â”€â”€â”€â”€â”€â”€â”€â”€â”€â”€â”€â”€â”€â”€â”€â”€â”€â”€
INFO:__main__:  â­ï¸  Skip (exists): FW_SGB_VI_RV_Leistungsberechtigte_ALG2.pdf
INFO:__main__:  â­ï¸  Skip (exists): FW_SGB_VI_RV_Ersatz_2024.pdf
INFO:__main__:
â”€â”€â”€â”€â”€â”€â”€â”€â”€â”€â”€â”€â”€â”€â”€â”€â”€â”€â”€â”€â”€â”€â”€â”€â”€â”€â”€â”€â”€â”€â”€â”€â”€â”€â”€â”€â”€â”€â”€â”€â”€â”€â”€â”€â”€â”€â”€â”€â”€â”€â”€â”€â”€â”€â”€â”€â”€â”€â”€â”€â”€â”€â”€â”€â”€â”€â”€â”€â”€â”€
INFO:__main__:ðŸ“‚ SGB_VII: 2 PDFs
INFO:__main__:â”€â”€â”€â”€â”€â”€â”€â”€â”€â”€â”€â”€â”€â”€â”€â”€â”€â”€â”€â”€â”€â”€â”€â”€â”€â”€â”€â”€â”€â”€â”€â”€â”€â”€â”€â”€â”€â”€â”€â”€â”€â”€â”€â”€â”€â”€â”€â”€â”€â”€â”€â”€â”€â”€â”€â”€â”€â”€â”€â”€â”€â”€â”€â”€â”€â”€â”€â”€â”€â”€
INFO:__main__:  â­ï¸  Skip (exists): FW_SGB_VII_UV_Leistungsempfaenger.pdf
INFO:__main__:  â­ï¸  Skip (exists): FW_SGB_VII_Aerztevertrag_Par_34.pdf
INFO:__main__:
â”€â”€â”€â”€â”€â”€â”€â”€â”€â”€â”€â”€â”€â”€â”€â”€â”€â”€â”€â”€â”€â”€â”€â”€â”€â”€â”€â”€â”€â”€â”€â”€â”€â”€â”€â”€â”€â”€â”€â”€â”€â”€â”€â”€â”€â”€â”€â”€â”€â”€â”€â”€â”€â”€â”€â”€â”€â”€â”€â”€â”€â”€â”€â”€â”€â”€â”€â”€â”€â”€
INFO:__main__:ðŸ“‚ SGB_X: 1 PDFs
INFO:__main__:â”€â”€â”€â”€â”€â”€â”€â”€â”€â”€â”€â”€â”€â”€â”€â”€â”€â”€â”€â”€â”€â”€â”€â”€â”€â”€â”€â”€â”€â”€â”€â”€â”€â”€â”€â”€â”€â”€â”€â”€â”€â”€â”€â”€â”€â”€â”€â”€â”€â”€â”€â”€â”€â”€â”€â”€â”€â”€â”€â”€â”€â”€â”€â”€â”€â”€â”€â”€â”€â”€
INFO:__main__:  â­ï¸  Skip (exists): FW_SGB_X_Sozialgerichtsgesetz.pdf
INFO:__main__:
======================================================================
INFO:__main__:ðŸ“Š TASK 2 SUMMARY:
INFO:__main__:   âœ… Imported: 0
INFO:__main__:   â­ï¸  Already existed: 36
INFO:__main__:======================================================================
INFO:__main__:
======================================================================
INFO:__main__:ðŸ”— TASK 3: CREATE VERSION RELATIONSHIPS
INFO:__main__:======================================================================
WARNING:neo4j.notifications:Received notification from DBMS server: {severity: WARNING} {code: Neo.ClientNotification.Statement.UnknownPropertyKeyWarning} {category: UNRECOGNIZED} {title: The provided property key is not in the database} {description: One of the property names in your query is not available in the database, make sure you didn't misspell it or that the label is available when you run this statement in your application (the missing property name is: fundstelle_periodikum)} {position: line: 9, column: 39, offset: 420} for query: '\n                MATCH (norm:LegalNorm)-[:HAS_AMENDMENT]->(amend:Amendment)\n                WHERE amend.amendment_date IS NOT NULL\n                RETURN norm.enbez as paragraph,\n                       norm.paragraph_nummer as para_nr,\n                       collect({\n                           date: amend.amendment_date,\n                           comment: amend.standkommentar,\n                           ref: amend.fundstelle_periodikum\n                       }) as amendments\n                ORDER BY paragraph\n            '
INFO:__main__:Found 1 norms with amendment data

INFO:__main__:  ðŸ“œ Norm 0: 21 versions
INFO:__main__:     2001-01-18 â†’ 2002-02-19
INFO:__main__:     2002-02-19 â†’ 2009-11-12
INFO:__main__:     2009-11-12 â†’ 2011-05-13
INFO:__main__:     2011-05-13 â†’ 2012-09-11
INFO:__main__:     2012-09-11 â†’ 2019-11-20
INFO:__main__:     2019-11-20 â†’ 2023-12-22
INFO:__main__:     2023-12-22 â†’ 2024-05-30
INFO:__main__:     2024-05-30 â†’ 2024-07-19
INFO:__main__:     2024-07-19 â†’ 2024-07-19
INFO:__main__:     2024-07-19 â†’ 2024-10-23
INFO:__main__:     2024-10-23 â†’ 2024-10-23
INFO:__main__:     2024-10-23 â†’ 2024-11-25
INFO:__main__:     2024-11-25 â†’ 2024-12-18
INFO:__main__:     2024-12-18 â†’ 2024-12-18
INFO:__main__:     2024-12-18 â†’ 2024-12-23
INFO:__main__:     2024-12-23 â†’ 2025-02-24
INFO:__main__:     2025-02-24 â†’ 2025-02-25
INFO:__main__:     2025-02-25 â†’ 2025-04-03
INFO:__main__:     2025-04-03 â†’ 2025-06-13
INFO:__main__:     2025-06-13 â†’ 2025-09-30
INFO:__main__:
======================================================================
INFO:__main__:ðŸ“Š TASK 3 SUMMARY:
INFO:__main__:   Found 1 norms with version data
INFO:__main__:   Identified 20 version transitions
INFO:__main__:   Note: Full version tracking requires historical XML snapshots
INFO:__main__:======================================================================
INFO:__main__:
======================================================================
INFO:__main__:ðŸ“… TASK 4: BUILD AMENDMENT HISTORY LINKS
INFO:__main__:======================================================================
INFO:__main__:Current state:
INFO:__main__:  - Amendment relationships: 21
INFO:__main__:  - Norms with amendments: 13
INFO:__main__:  - Unique amendments: 21

INFO:__main__:Enhancing amendment metadata...

INFO:__main__:
Creating amendment cross-references...
INFO:__main__:
======================================================================
INFO:__main__:ðŸ“Š TASK 4 SUMMARY:
INFO:__main__:   âœ… Enhanced 0 amendment nodes with parsed dates
INFO:__main__:   ðŸ”— Created 0 cross-reference links between amendments
INFO:__main__:======================================================================
INFO:__main__:
================================================================================
INFO:__main__:ðŸŽ‰ COMPLETE KNOWLEDGE GRAPH IMPORT FINISHED
INFO:__main__:================================================================================
INFO:__main__:
ðŸ“¦ NODE STATISTICS:
INFO:__main__:Node Type                           Count
INFO:__main__:----------------------------------------
INFO:__main__:Chunk                              41,747
INFO:__main__:TextUnit                           11,145
INFO:__main__:Paragraph                           4,254
INFO:__main__:LegalNorm                           4,213
INFO:__main__:StructuralUnit                        458
INFO:__main__:Document                               50
INFO:__main__:Amendment                              21
INFO:__main__:LegalDocument                          13
INFO:__main__:
ðŸ”— RELATIONSHIP STATISTICS:
INFO:__main__:Relationship Type                             Count
INFO:__main__:--------------------------------------------------
INFO:__main__:HAS_CHUNK                                    41,747
INFO:__main__:HAS_CONTENT                                  11,145
INFO:__main__:CONTAINS_PARAGRAPH                            5,050
INFO:__main__:CONTAINS_NORM                                 1,831
INFO:__main__:HAS_STRUCTURE                                   717
INFO:__main__:HAS_AMENDMENT                                    21
INFO:__main__:
ðŸ“š SGB COVERAGE:
INFO:__main__:SGB             Norms     Chunks    Avg Chunks/Norm
INFO:__main__:------------------------------------------------
INFO:__main__:I                   0          0                0.0
INFO:__main__:II              1,114      7,318                6.6
INFO:__main__:III                 0          0                0.0
INFO:__main__:IV                  0          0                0.0
INFO:__main__:IX                  0          0                0.0
INFO:__main__:V                   0          0                0.0
INFO:__main__:VI                  0          0                0.0
INFO:__main__:VII                 0          0                0.0
INFO:__main__:VIII                0          0                0.0
INFO:__main__:X                   0          0                0.0
INFO:__main__:XI                  0          0                0.0
INFO:__main__:XII                 0          0                0.0
INFO:__main__:XIV                 0          0                0.0
INFO:__main__:------------------------------------------------
INFO:__main__:TOTAL           1,114      7,318                6.6
INFO:__main__:
ðŸ“„ DOCUMENT (PDF) COVERAGE:
INFO:__main__:Document Type                       Count
INFO:__main__:----------------------------------------
INFO:__main__:BA_Weisung                             25
INFO:__main__:Gesetz                                 13
INFO:__main__:Fachliche Weisung                       7
INFO:__main__:Fachverband                             2
INFO:__main__:Harald_Thome                            2
INFO:__main__:BMAS_Rundschreiben                      1
INFO:__main__:
ðŸ“… AMENDMENT HISTORY:
INFO:__main__:   Amendments with dates: 9
INFO:__main__:   Date range: 2009-11-12 to 2024-12-23
INFO:__main__:
================================================================================
INFO:__main__:âœ… Knowledge Graph is ready for production use!
INFO:__main__:================================================================================

ðŸš€ ðŸš€ ðŸš€ ðŸš€ ðŸš€ ðŸš€ ðŸš€ ðŸš€ ðŸš€ ðŸš€ ðŸš€ ðŸš€ ðŸš€ ðŸš€ ðŸš€ ðŸš€ ðŸš€ ðŸš€ ðŸš€ ðŸš€ ðŸš€ ðŸš€ ðŸš€ ðŸš€ ðŸš€ ðŸš€ ðŸš€ ðŸš€ ðŸš€ ðŸš€ ðŸš€ ðŸš€ ðŸš€ ðŸš€ ðŸš€ 
COMPLETE KNOWLEDGE GRAPH IMPORT PIPELINE
ðŸš€ ðŸš€ ðŸš€ ðŸš€ ðŸš€ ðŸš€ ðŸš€ ðŸš€ ðŸš€ ðŸš€ ðŸš€ ðŸš€ ðŸš€ ðŸš€ ðŸš€ ðŸš€ ðŸš€ ðŸš€ ðŸš€ ðŸš€ ðŸš€ ðŸš€ ðŸš€ ðŸš€ ðŸš€ ðŸš€ ðŸš€ ðŸš€ ðŸš€ ðŸš€ ðŸš€ ðŸš€ ðŸš€ ðŸš€ ðŸš€ 

âœ… All tasks completed successfully!
